Traceback (most recent call last):
  File "/home/manuel/Documents/github/FIM/.venv/lib/python3.12/site-packages/jupyter_cache/executors/utils.py", line 58, in single_nb_execution
    executenb(
  File "/home/manuel/Documents/github/FIM/.venv/lib/python3.12/site-packages/nbclient/client.py", line 1319, in execute
    return NotebookClient(nb=nb, resources=resources, km=km, **kwargs).execute()
           ^^^^^^^^^^^^^^^^^^^^^^^^^^^^^^^^^^^^^^^^^^^^^^^^^^^^^^^^^^^^^^^^^^^^^
  File "/home/manuel/Documents/github/FIM/.venv/lib/python3.12/site-packages/jupyter_core/utils/__init__.py", line 165, in wrapped
    return loop.run_until_complete(inner)
           ^^^^^^^^^^^^^^^^^^^^^^^^^^^^^^
  File "/usr/lib/python3.12/asyncio/base_events.py", line 687, in run_until_complete
    return future.result()
           ^^^^^^^^^^^^^^^
  File "/home/manuel/Documents/github/FIM/.venv/lib/python3.12/site-packages/nbclient/client.py", line 709, in async_execute
    await self.async_execute_cell(
  File "/home/manuel/Documents/github/FIM/.venv/lib/python3.12/site-packages/nbclient/client.py", line 1062, in async_execute_cell
    await self._check_raise_for_error(cell, cell_index, exec_reply)
  File "/home/manuel/Documents/github/FIM/.venv/lib/python3.12/site-packages/nbclient/client.py", line 918, in _check_raise_for_error
    raise CellExecutionError.from_cell_and_msg(cell, exec_reply_content)
nbclient.exceptions.CellExecutionError: An error occurred while executing the following cell:
------------------
from tutorial_helper import prepare_data, prepare_data_base, visualize_prediction
from fim.models.imputation import FIMImputationWindowed, FIMImputationWindowedConfig
from datasets import load_dataset
import torch
model = FIMImputationWindowed.from_pretrained("FIM4Science/fim-windowed-imputation")
base_model=model.fim_imputation.fim_base
------------------


[31m---------------------------------------------------------------------------[39m
[31mImportError[39m                               Traceback (most recent call last)
[36mCell[39m[36m [39m[32mIn[1][39m[32m, line 1[39m
[32m----> [39m[32m1[39m [38;5;28;01mfrom[39;00m[38;5;250m [39m[34;01mtutorial_helper[39;00m[38;5;250m [39m[38;5;28;01mimport[39;00m prepare_data, prepare_data_base, visualize_prediction
[32m      2[39m [38;5;28;01mfrom[39;00m[38;5;250m [39m[34;01mfim[39;00m[34;01m.[39;00m[34;01mmodels[39;00m[34;01m.[39;00m[34;01mimputation[39;00m[38;5;250m [39m[38;5;28;01mimport[39;00m FIMImputationWindowed, FIMImputationWindowedConfig
[32m      3[39m [38;5;28;01mfrom[39;00m[38;5;250m [39m[34;01mdatasets[39;00m[38;5;250m [39m[38;5;28;01mimport[39;00m load_dataset

[31mImportError[39m: cannot import name 'prepare_data' from 'tutorial_helper' (/home/manuel/Documents/github/OpenFIM/tutorial/tutorial_helper.py)

