Traceback (most recent call last):
  File "/home/manuel/Documents/github/FIM/.venv/lib/python3.12/site-packages/jupyter_cache/executors/utils.py", line 58, in single_nb_execution
    executenb(
  File "/home/manuel/Documents/github/FIM/.venv/lib/python3.12/site-packages/nbclient/client.py", line 1319, in execute
    return NotebookClient(nb=nb, resources=resources, km=km, **kwargs).execute()
           ^^^^^^^^^^^^^^^^^^^^^^^^^^^^^^^^^^^^^^^^^^^^^^^^^^^^^^^^^^^^^^^^^^^^^
  File "/home/manuel/Documents/github/FIM/.venv/lib/python3.12/site-packages/jupyter_core/utils/__init__.py", line 165, in wrapped
    return loop.run_until_complete(inner)
           ^^^^^^^^^^^^^^^^^^^^^^^^^^^^^^
  File "/usr/lib/python3.12/asyncio/base_events.py", line 687, in run_until_complete
    return future.result()
           ^^^^^^^^^^^^^^^
  File "/home/manuel/Documents/github/FIM/.venv/lib/python3.12/site-packages/nbclient/client.py", line 709, in async_execute
    await self.async_execute_cell(
  File "/home/manuel/Documents/github/FIM/.venv/lib/python3.12/site-packages/nbclient/client.py", line 1062, in async_execute_cell
    await self._check_raise_for_error(cell, cell_index, exec_reply)
  File "/home/manuel/Documents/github/FIM/.venv/lib/python3.12/site-packages/nbclient/client.py", line 918, in _check_raise_for_error
    raise CellExecutionError.from_cell_and_msg(cell, exec_reply_content)
nbclient.exceptions.CellExecutionError: An error occurred while executing the following cell:
------------------
from fim.models.imputation import FIMImputationWindowed
from datasets import load_dataset
from tutorial_helper import prepare_data, prepare_data_sliding_windows
import torch
model = FIMImputationWindowed.from_pretrained("FIM4Science/fim-windowed-imputation")
------------------

----- stderr -----
/home/manuel/Documents/github/FIM/.venv/lib/python3.12/site-packages/torch/__init__.py:1617: UserWarning: Please use the new API settings to control TF32 behavior, such as torch.backends.cudnn.conv.fp32_precision = 'tf32' or torch.backends.cuda.matmul.fp32_precision = 'ieee'. Old settings, e.g, torch.backends.cuda.matmul.allow_tf32 = True, torch.backends.cudnn.allow_tf32 = True, allowTF32CuDNN() and allowTF32CuBLAS() will be deprecated after Pytorch 2.9. Please see https://pytorch.org/docs/main/notes/cuda.html#tensorfloat-32-tf32-on-ampere-and-later-devices (Triggered internally at /pytorch/aten/src/ATen/Context.cpp:80.)
  _C._set_float32_matmul_precision(precision)
------------------

[31m---------------------------------------------------------------------------[39m
[31mImportError[39m                               Traceback (most recent call last)
[36mCell[39m[36m [39m[32mIn[1][39m[32m, line 3[39m
[32m      1[39m [38;5;28;01mfrom[39;00m[38;5;250m [39m[34;01mfim[39;00m[34;01m.[39;00m[34;01mmodels[39;00m[34;01m.[39;00m[34;01mimputation[39;00m[38;5;250m [39m[38;5;28;01mimport[39;00m FIMImputationWindowed
[32m      2[39m [38;5;28;01mfrom[39;00m[38;5;250m [39m[34;01mdatasets[39;00m[38;5;250m [39m[38;5;28;01mimport[39;00m load_dataset
[32m----> [39m[32m3[39m [38;5;28;01mfrom[39;00m[38;5;250m [39m[34;01mtutorial_helper[39;00m[38;5;250m [39m[38;5;28;01mimport[39;00m prepare_data, prepare_data_sliding_windows
[32m      4[39m [38;5;28;01mimport[39;00m[38;5;250m [39m[34;01mtorch[39;00m
[32m      5[39m model = FIMImputationWindowed.from_pretrained([33m"[39m[33mFIM4Science/fim-windowed-imputation[39m[33m"[39m)

[31mImportError[39m: cannot import name 'prepare_data' from 'tutorial_helper' (/home/manuel/Documents/github/OpenFIM/tutorial/tutorial_helper.py)

