Traceback (most recent call last):
  File "/home/manuel/Documents/github/OpenFIM/.venv/lib/python3.12/site-packages/jupyter_cache/executors/utils.py", line 58, in single_nb_execution
    executenb(
  File "/home/manuel/Documents/github/OpenFIM/.venv/lib/python3.12/site-packages/nbclient/client.py", line 1319, in execute
    return NotebookClient(nb=nb, resources=resources, km=km, **kwargs).execute()
           ^^^^^^^^^^^^^^^^^^^^^^^^^^^^^^^^^^^^^^^^^^^^^^^^^^^^^^^^^^^^^^^^^^^^^
  File "/home/manuel/Documents/github/OpenFIM/.venv/lib/python3.12/site-packages/jupyter_core/utils/__init__.py", line 165, in wrapped
    return loop.run_until_complete(inner)
           ^^^^^^^^^^^^^^^^^^^^^^^^^^^^^^
  File "/usr/lib/python3.12/asyncio/base_events.py", line 687, in run_until_complete
    return future.result()
           ^^^^^^^^^^^^^^^
  File "/home/manuel/Documents/github/OpenFIM/.venv/lib/python3.12/site-packages/nbclient/client.py", line 709, in async_execute
    await self.async_execute_cell(
  File "/home/manuel/Documents/github/OpenFIM/.venv/lib/python3.12/site-packages/nbclient/client.py", line 1062, in async_execute_cell
    await self._check_raise_for_error(cell, cell_index, exec_reply)
  File "/home/manuel/Documents/github/OpenFIM/.venv/lib/python3.12/site-packages/nbclient/client.py", line 918, in _check_raise_for_error
    raise CellExecutionError.from_cell_and_msg(cell, exec_reply_content)
nbclient.exceptions.CellExecutionError: An error occurred while executing the following cell:
------------------
# Visualize 2D system results
def plot_2d_sde_results(input_data, estimated_concepts, title="2D SDE Analysis",sampled_paths_duffing=None):
    """
    Plot 2D system trajectories and vector fields
    """
    fig, axes = plt.subplots(2, 2, figsize=(24, 24))
    fig.suptitle(title, fontsize=16)
    
    # Extract data
    trajectories = input_data["obs_values"][0]  # Remove batch dimension
    locations = estimated_concepts.locations[0].cpu()  # Remove batch dimension
    drift = estimated_concepts.drift[0].cpu()
    diffusion = estimated_concepts.diffusion[0].cpu()
    
    # Reshape for vector field plotting
    grid_size = int(np.sqrt(locations.shape[0]))
    X = locations[::2, 0].reshape(grid_size, grid_size)
    Y = locations[::2, 1].reshape(grid_size, grid_size)
    U = drift[::2, 0].reshape(grid_size, grid_size)
    U_true = Y
    V = drift[::2, 1].reshape(grid_size, grid_size)
    V_true = -(X**3-X+0.35*Y)

    # Plot trajectories
    axes[0, 0].set_title("Phase Space Trajectories")
    for i in range(trajectories.shape[0]):
        axes[0, 0].plot(trajectories[i, :, 0], trajectories[i, :, 1], alpha=0.7, linewidth=1.5)
        axes[0, 0].scatter(trajectories[i, 0, 0], trajectories[i, 0, 1], s=50, marker="o", 
                          label=f"Start {i+1}" if i < 3 else "")
    axes[0, 0].set_xlabel("X")
    axes[0, 0].set_ylabel("Y")
    axes[0, 0].grid(True, alpha=0.3)
    if trajectories.shape[0] <= 3:
        axes[0, 0].legend()

    axes[0, 1].set_title("Sampled Phase Space Trajectories")
    for i in range(5):
        axes[0, 1].plot(sampled_paths_duffing[0][0,i, :, 0], sampled_paths_duffing[0][0,i, :, 1], alpha=0.7, linewidth=1.5)
        axes[0, 1].scatter(sampled_paths_duffing[0][0,i, 0, 0], sampled_paths_duffing[0][0,i, 0, 1], s=50, marker="o")
    axes[0, 1].set_xlabel("X")
    axes[0, 1].set_ylabel("Y")
    axes[0, 1].grid(True, alpha=0.3)


    # Plot drift vector field
    axes[1, 0].set_title("Drift Vector Field")
    axes[1, 0].quiver(X, Y, U, V, alpha=0.9, label="Estimated Drift",color="lightblue")
    axes[1, 0].quiver(X, Y, U_true, V_true, alpha=0.9, label="True Drift",color="orange")
    # Overlay trajectories
    axes[1, 0].set_xlabel("X")
    axes[1, 0].set_ylabel("Y")
    axes[1, 0].grid(True, alpha=0.3)
    axes[1, 0].legend()


    U = diffusion[::2, 0].reshape(grid_size, grid_size)
    U_true = torch.ones_like(U)
    V = diffusion[::2, 1].reshape(grid_size, grid_size)
    V_true = torch.ones_like(V)

    axes[1, 1].set_title("Diffusion Vector Field")
    axes[1, 1].quiver(X, Y, U, V, alpha=0.9, label="Estimated Diffusion",color="lightblue")
    axes[1, 1].quiver(X, Y, U_true, V_true, alpha=0.9, label="True Diffusion",color="orange")
    # Overlay trajectories
    axes[1, 1].set_xlabel("X")
    axes[1, 1].set_ylabel("Y")
    axes[1, 1].grid(True, alpha=0.3)
    axes[1, 1].legend()

    plt.tight_layout()
    return fig

# Create visualization for Duffing oscillator
fig = plot_2d_sde_results(duffing_input, duffing_results, "Duffing Oscillator",sampled_paths_duffing)
plt.show()
------------------


[31m---------------------------------------------------------------------------[39m
[31mRuntimeError[39m                              Traceback (most recent call last)
[36mCell[39m[36m [39m[32mIn[12][39m[32m, line 74[39m
[32m     71[39m     [38;5;28;01mreturn[39;00m fig
[32m     73[39m [38;5;66;03m# Create visualization for Duffing oscillator[39;00m
[32m---> [39m[32m74[39m fig = [43mplot_2d_sde_results[49m[43m([49m[43mduffing_input[49m[43m,[49m[43m [49m[43mduffing_results[49m[43m,[49m[43m [49m[33;43m"[39;49m[33;43mDuffing Oscillator[39;49m[33;43m"[39;49m[43m,[49m[43msampled_paths_duffing[49m[43m)[49m
[32m     75[39m plt.show()

[36mCell[39m[36m [39m[32mIn[12][39m[32m, line 17[39m, in [36mplot_2d_sde_results[39m[34m(input_data, estimated_concepts, title, sampled_paths_duffing)[39m
[32m     15[39m [38;5;66;03m# Reshape for vector field plotting[39;00m
[32m     16[39m grid_size = [38;5;28mint[39m(np.sqrt(locations.shape[[32m0[39m]))
[32m---> [39m[32m17[39m X = [43mlocations[49m[43m[[49m[43m:[49m[43m:[49m[32;43m2[39;49m[43m,[49m[43m [49m[32;43m0[39;49m[43m][49m[43m.[49m[43mreshape[49m[43m([49m[43mgrid_size[49m[43m,[49m[43m [49m[43mgrid_size[49m[43m)[49m
[32m     18[39m Y = locations[::[32m2[39m, [32m1[39m].reshape(grid_size, grid_size)
[32m     19[39m U = drift[::[32m2[39m, [32m0[39m].reshape(grid_size, grid_size)

[31mRuntimeError[39m: shape '[25, 25]' is invalid for input of size 313

